<?xml version="1.0" encoding="UTF-8"?>
<!-- Generated by org.testng.reporters.JUnitReportReporter -->
<testsuite hostname="FILT111" failures="0" tests="1" name="Frontend_Testcases.Login" time="0.001" errors="0" timestamp="2023-08-07T12:16:48 IST" skipped="1">
  <testcase classname="Frontend_Testcases.Login" name="login" time="0.001">
    <skipped/>
  </testcase> <!-- login -->
  <system-out/>
</testsuite> <!-- Frontend_Testcases.Login -->
